Using pre-set license
Built from '2020.3/staging' branch; Version is '2020.3.24f1 (79c78de19888) revision 7980941'; Using compiler version '192528614'; Build Type 'Release'
OS: 'Windows 10  (10.0.19043) 64bit CoreSingleLanguage' Language: 'es' Physical Memory: 7631 MB
BatchMode: 1, IsHumanControllingUs: 0, StartBugReporterOnCrash: 0, Is64bit: 1, IsPro: 0

COMMAND LINE ARGUMENTS:
C:\Program Files\Unity\Hub\Editor\2020.3.24f1\Editor\Unity.exe
-adb2
-batchMode
-noUpm
-name
AssetImportWorker1
-projectPath
C:/Users/steli/Documents/unity/inicial-proyectoEBAC
-logFile
Logs/AssetImportWorker1.log
-srvPort
57728
Successfully changed project path to: C:/Users/steli/Documents/unity/inicial-proyectoEBAC
C:/Users/steli/Documents/unity/inicial-proyectoEBAC
Using Asset Import Pipeline V2.
Refreshing native plugins compatible for Editor in 98.77 ms, found 2 plugins.
Preloading 0 native plugins for Editor in 0.00 ms.
Initialize engine version: 2020.3.24f1 (79c78de19888)
[Subsystems] Discovering subsystems at path C:/Program Files/Unity/Hub/Editor/2020.3.24f1/Editor/Data/Resources/UnitySubsystems
[Subsystems] Discovering subsystems at path C:/Users/steli/Documents/unity/inicial-proyectoEBAC/Assets
GfxDevice: creating device client; threaded=0
Direct3D:
    Version:  Direct3D 11.0 [level 11.1]
    Renderer: AMD Radeon(TM) R5 Graphics (ID=0x98e4)
    Vendor:   
    VRAM:     3815 MB
    Driver:   26.20.14046.6001
Initialize mono
Mono path[0] = 'C:/Program Files/Unity/Hub/Editor/2020.3.24f1/Editor/Data/Managed'
Mono path[1] = 'C:/Program Files/Unity/Hub/Editor/2020.3.24f1/Editor/Data/MonoBleedingEdge/lib/mono/unityjit'
Mono config path = 'C:/Program Files/Unity/Hub/Editor/2020.3.24f1/Editor/Data/MonoBleedingEdge/etc'
Using monoOptions --debugger-agent=transport=dt_socket,embedding=1,server=y,suspend=n,address=127.0.0.1:56608
Begin MonoManager ReloadAssembly
Registering precompiled unity dll's ...
Register platform support module: C:/Program Files/Unity/Hub/Editor/2020.3.24f1/Editor/Data/PlaybackEngines/WindowsStandaloneSupport/UnityEditor.WindowsStandalone.Extensions.dll
Registered in 0.006565 seconds.
Native extension for WindowsStandalone target not found
Refreshing native plugins compatible for Editor in 80.17 ms, found 2 plugins.
Preloading 0 native plugins for Editor in 0.00 ms.
Mono: successfully reloaded assembly
- Completed reload, in  2.004 seconds
Domain Reload Profiling:
	ReloadAssembly (2005ms)
		BeginReloadAssembly (249ms)
			ExecutionOrderSort (0ms)
			DisableScriptedObjects (0ms)
			BackupInstance (0ms)
			ReleaseScriptingObjects (0ms)
			CreateAndSetChildDomain (3ms)
		EndReloadAssembly (1566ms)
			LoadAssemblies (241ms)
			RebuildTransferFunctionScriptingTraits (0ms)
			SetupTypeCache (367ms)
			ReleaseScriptCaches (0ms)
			RebuildScriptCaches (272ms)
			SetupLoadedEditorAssemblies (513ms)
				LogAssemblyErrors (0ms)
				InitializePlatformSupportModulesInManaged (12ms)
				SetLoadedEditorAssemblies (0ms)
				RefreshPlugins (80ms)
				BeforeProcessingInitializeOnLoad (37ms)
				ProcessInitializeOnLoadAttributes (290ms)
				ProcessInitializeOnLoadMethodAttributes (93ms)
				AfterProcessingInitializeOnLoad (0ms)
				EditorAssembliesLoaded (1ms)
			ExecutionOrderSort2 (0ms)
			AwakeInstancesAfterBackupRestoration (0ms)
Platform modules already initialized, skipping
Registering precompiled user dll's ...
Registered in 0.021123 seconds.
Begin MonoManager ReloadAssembly
Native extension for WindowsStandalone target not found
Refreshing native plugins compatible for Editor in 1.88 ms, found 2 plugins.
Preloading 0 native plugins for Editor in 0.00 ms.
Mono: successfully reloaded assembly
- Completed reload, in  4.449 seconds
Domain Reload Profiling:
	ReloadAssembly (4464ms)
		BeginReloadAssembly (410ms)
			ExecutionOrderSort (0ms)
			DisableScriptedObjects (13ms)
			BackupInstance (0ms)
			ReleaseScriptingObjects (0ms)
			CreateAndSetChildDomain (66ms)
		EndReloadAssembly (3855ms)
			LoadAssemblies (1028ms)
			RebuildTransferFunctionScriptingTraits (0ms)
			SetupTypeCache (823ms)
			ReleaseScriptCaches (1ms)
			RebuildScriptCaches (173ms)
			SetupLoadedEditorAssemblies (1540ms)
				LogAssemblyErrors (0ms)
				InitializePlatformSupportModulesInManaged (12ms)
				SetLoadedEditorAssemblies (1ms)
				RefreshPlugins (2ms)
				BeforeProcessingInitializeOnLoad (715ms)
				ProcessInitializeOnLoadAttributes (710ms)
				ProcessInitializeOnLoadMethodAttributes (69ms)
				AfterProcessingInitializeOnLoad (30ms)
				EditorAssembliesLoaded (1ms)
			ExecutionOrderSort2 (0ms)
			AwakeInstancesAfterBackupRestoration (19ms)
Platform modules already initialized, skipping
========================================================================
Worker process is ready to serve import requests
Launched and connected shader compiler UnityShaderCompiler.exe after 0.55 seconds
Refreshing native plugins compatible for Editor in 1.11 ms, found 2 plugins.
Preloading 0 native plugins for Editor in 0.00 ms.
Unloading 1510 Unused Serialized files (Serialized files now loaded: 0)
System memory in use before: 71.8 MB.
System memory in use after: 71.9 MB.

Unloading 19 unused Assets to reduce memory usage. Loaded Objects now: 1947.
Total: 15.960900 ms (FindLiveObjects: 0.872300 ms CreateObjectMapping: 0.417300 ms MarkObjects: 13.581100 ms  DeleteObjects: 1.084800 ms)

AssetImportParameters requested are different than current active one (requested -> active):
  custom:framework-win-MediaFoundation: 216162199b28c13a410421893ffa2e32 -> 
  custom:video-decoder-ogg-theora: a1e56fd34408186e4bbccfd4996cb3dc -> 
  custom:container-muxer-webm: aa71ff27fc2769a1b78a27578f13a17b -> 
  custom:container-demuxer-webm: 4f35f7cbe854078d1ac9338744f61a02 -> 
  custom:container-demuxer-ogg: 62fdf1f143b41e24485cea50d1cbac27 -> 
  custom:video-encoder-webm-vp8: eb34c28f22e8b96e1ab97ce403110664 -> 
  custom:video-decoder-webm-vp8: 9c59270c3fd7afecdb556c50c9e8de78 -> 
  custom:audio-decoder-ogg-vorbis: bf7c407c2cedff20999df2af8eb42d56 -> 
  custom:audio-encoder-webm-vorbis: bf7c407c2cedff20999df2af8eb42d56 -> 
========================================================================
Received Import Request.
  path: Assets/import/Models/FBX format/wallB_flatWindow.fbx
  artifactKey: Guid(ceb15abdad35b924c811f9a24e8b269d) Importer(815301076,1909f56bfc062723c751e8b465ee728b)
Start importing Assets/import/Models/FBX format/wallB_flatWindow.fbx using Guid(ceb15abdad35b924c811f9a24e8b269d) Importer(815301076,1909f56bfc062723c751e8b465ee728b)  -> (artifact id: '47a0b98e9fa3d698c6cd835623e81172') in 2.026478 seconds 
  Import took 2.125935 seconds .

========================================================================
Received Import Request.
  Time since last request: 124.485872 seconds.
  path: Assets/elementos p7
  artifactKey: Guid(ef20906eb1b80a444bcaebe1f546ab1a) Importer(815301076,1909f56bfc062723c751e8b465ee728b)
Start importing Assets/elementos p7 using Guid(ef20906eb1b80a444bcaebe1f546ab1a) Importer(815301076,1909f56bfc062723c751e8b465ee728b)  -> (artifact id: 'f6e198adb0cdcf2116442e477ec3ce9e') in 0.067284 seconds 
  Import took 0.117810 seconds .

========================================================================
Received Import Request.
  Time since last request: 4.352339 seconds.
  path: Assets/elementos p7/suelo (3).prefab
  artifactKey: Guid(954d70546f77dc7459559157f08f9cd8) Importer(815301076,1909f56bfc062723c751e8b465ee728b)
Start importing Assets/elementos p7/suelo (3).prefab using Guid(954d70546f77dc7459559157f08f9cd8) Importer(815301076,1909f56bfc062723c751e8b465ee728b)  -> (artifact id: '82fcf0d5e0600bcb63ac821ac2f5e936') in 0.267859 seconds 
  Import took 0.299083 seconds .

========================================================================
Received Import Request.
  Time since last request: 1384.891446 seconds.
  path: Assets/elementos p7/Cube p7 (1).prefab
  artifactKey: Guid(9bca2b150abbd384087949a0bfbe21ca) Importer(815301076,1909f56bfc062723c751e8b465ee728b)
Start importing Assets/elementos p7/Cube p7 (1).prefab using Guid(9bca2b150abbd384087949a0bfbe21ca) Importer(815301076,1909f56bfc062723c751e8b465ee728b)  -> (artifact id: '6cfffb447c4fc8fc38021d1272a53b0c') in 0.298579 seconds 
  Import took 0.329395 seconds .

========================================================================
Received Import Request.
  Time since last request: 65.125418 seconds.
  path: Assets/elementos p7/Cube p7(2).prefab
  artifactKey: Guid(20ec44bd5da8c234faba987c1a656203) Importer(815301076,1909f56bfc062723c751e8b465ee728b)
Start importing Assets/elementos p7/Cube p7(2).prefab using Guid(20ec44bd5da8c234faba987c1a656203) Importer(815301076,1909f56bfc062723c751e8b465ee728b)  -> (artifact id: '549e3a9178e2191374445551d8250131') in 0.147736 seconds 
  Import took 0.234955 seconds .

========================================================================
Received Import Request.
  Time since last request: 2.948461 seconds.
  path: Assets/elementos p7/Cube p7(3).prefab
  artifactKey: Guid(be5a303db9858a64aadc3c690303add4) Importer(815301076,1909f56bfc062723c751e8b465ee728b)
Start importing Assets/elementos p7/Cube p7(3).prefab using Guid(be5a303db9858a64aadc3c690303add4) Importer(815301076,1909f56bfc062723c751e8b465ee728b)  -> (artifact id: '40d3e61ec6b266f58c73d132d9fb494b') in 0.143017 seconds 
  Import took 0.186516 seconds .

========================================================================
Received Import Request.
  Time since last request: 1.785857 seconds.
  path: Assets/elementos p7/Cube p7(4).prefab
  artifactKey: Guid(c5f55db6094715c4ca90c1bed0082ed9) Importer(815301076,1909f56bfc062723c751e8b465ee728b)
Start importing Assets/elementos p7/Cube p7(4).prefab using Guid(c5f55db6094715c4ca90c1bed0082ed9) Importer(815301076,1909f56bfc062723c751e8b465ee728b)  -> (artifact id: '15865c9cae31c66b1a59b8675fbc84ca') in 0.257733 seconds 
  Import took 0.267582 seconds .

========================================================================
Received Import Request.
  Time since last request: 2.845077 seconds.
  path: Assets/elementos p7/Cube p7(1).prefab
  artifactKey: Guid(06cbb75cba6df3f44a6415d6539e847c) Importer(815301076,1909f56bfc062723c751e8b465ee728b)
Start importing Assets/elementos p7/Cube p7(1).prefab using Guid(06cbb75cba6df3f44a6415d6539e847c) Importer(815301076,1909f56bfc062723c751e8b465ee728b)  -> (artifact id: '5059b3d0636eba1ca391f82d37d4cbec') in 0.153413 seconds 
  Import took 0.178039 seconds .

========================================================================
Received Import Request.
  Time since last request: 1253.660858 seconds.
  path: Assets/scrips/p7(1).cs
  artifactKey: Guid(7c8b72b95eb55dd49bd71fe387c1fadd) Importer(815301076,1909f56bfc062723c751e8b465ee728b)
Start importing Assets/scrips/p7(1).cs using Guid(7c8b72b95eb55dd49bd71fe387c1fadd) Importer(815301076,1909f56bfc062723c751e8b465ee728b)  -> (artifact id: '05be4e20f880174f04812b5703c0280c') in 0.256454 seconds 
  Import took 0.278631 seconds .

========================================================================
Received Import Request.
  Time since last request: 1319.589322 seconds.
  path: Assets/scrips/p71.cs
  artifactKey: Guid(7c8b72b95eb55dd49bd71fe387c1fadd) Importer(815301076,1909f56bfc062723c751e8b465ee728b)
Start importing Assets/scrips/p71.cs using Guid(7c8b72b95eb55dd49bd71fe387c1fadd) Importer(815301076,1909f56bfc062723c751e8b465ee728b)  -> (artifact id: '0466c43fd5595f3a8f3e0f8c1531415b') in 0.066630 seconds 
  Import took 0.096608 seconds .

========================================================================
Received Import Request.
  Time since last request: 14539.670150 seconds.
  path: Assets/scrips/p72.cs
  artifactKey: Guid(062a18a825b579d428f3a00c715fbdfd) Importer(815301076,1909f56bfc062723c751e8b465ee728b)
Start importing Assets/scrips/p72.cs using Guid(062a18a825b579d428f3a00c715fbdfd) Importer(815301076,1909f56bfc062723c751e8b465ee728b)  -> (artifact id: '82c53fd8eb118c26cfdf2f4cd8e1f687') in 0.374730 seconds 
  Import took 2.151532 seconds .

========================================================================
Received Import Request.
  Time since last request: 0.000137 seconds.
  path: Assets/scrips/p72.cs
  artifactKey: Guid(062a18a825b579d428f3a00c715fbdfd) Importer(815301076,1909f56bfc062723c751e8b465ee728b)
Start importing Assets/scrips/p72.cs using Guid(062a18a825b579d428f3a00c715fbdfd) Importer(815301076,1909f56bfc062723c751e8b465ee728b)  -> (artifact id: '82c53fd8eb118c26cfdf2f4cd8e1f687') in 0.186775 seconds 
  Import took 0.205188 seconds .

========================================================================
Received Import Request.
  Time since last request: 228.671060 seconds.
  path: Assets/scrips/p72.cs
  artifactKey: Guid(062a18a825b579d428f3a00c715fbdfd) Importer(815301076,1909f56bfc062723c751e8b465ee728b)
Start importing Assets/scrips/p72.cs using Guid(062a18a825b579d428f3a00c715fbdfd) Importer(815301076,1909f56bfc062723c751e8b465ee728b)  -> (artifact id: 'b2c4538ceb2a1a38812b39a247afd1fd') in 0.075915 seconds 
  Import took 0.118036 seconds .

========================================================================
Received Import Request.
  Time since last request: 102.896825 seconds.
  path: Assets/scrips/p7(1).cs
  artifactKey: Guid(2642a1ea4b8253641b81df60aadb42a1) Importer(815301076,1909f56bfc062723c751e8b465ee728b)
Start importing Assets/scrips/p7(1).cs using Guid(2642a1ea4b8253641b81df60aadb42a1) Importer(815301076,1909f56bfc062723c751e8b465ee728b)  -> (artifact id: 'bdf10108b399bed95f598a0a50f78c93') in 0.119365 seconds 
  Import took 0.150778 seconds .

========================================================================
Received Prepare
Registering precompiled user dll's ...
Registered in 0.740471 seconds.
Begin MonoManager ReloadAssembly
Native extension for WindowsStandalone target not found
Refreshing native plugins compatible for Editor in 1.03 ms, found 2 plugins.
Preloading 0 native plugins for Editor in 0.00 ms.
Mono: successfully reloaded assembly
- Completed reload, in  3.296 seconds
Domain Reload Profiling:
	ReloadAssembly (3301ms)
		BeginReloadAssembly (934ms)
			ExecutionOrderSort (7ms)
			DisableScriptedObjects (52ms)
			BackupInstance (0ms)
			ReleaseScriptingObjects (7ms)
			CreateAndSetChildDomain (347ms)
		EndReloadAssembly (2202ms)
			LoadAssemblies (261ms)
			RebuildTransferFunctionScriptingTraits (14ms)
			SetupTypeCache (672ms)
			ReleaseScriptCaches (2ms)
			RebuildScriptCaches (99ms)
			SetupLoadedEditorAssemblies (957ms)
				LogAssemblyErrors (0ms)
				InitializePlatformSupportModulesInManaged (12ms)
				SetLoadedEditorAssemblies (3ms)
				RefreshPlugins (1ms)
				BeforeProcessingInitializeOnLoad (312ms)
				ProcessInitializeOnLoadAttributes (577ms)
				ProcessInitializeOnLoadMethodAttributes (32ms)
				AfterProcessingInitializeOnLoad (20ms)
				EditorAssembliesLoaded (1ms)
			ExecutionOrderSort2 (0ms)
			AwakeInstancesAfterBackupRestoration (19ms)
Platform modules already initialized, skipping
Refreshing native plugins compatible for Editor in 1.10 ms, found 2 plugins.
Preloading 0 native plugins for Editor in 0.00 ms.
Unloading 1506 Unused Serialized files (Serialized files now loaded: 0)
System memory in use before: 75.2 MB.
System memory in use after: 75.3 MB.

Unloading 15 unused Assets to reduce memory usage. Loaded Objects now: 1995.
Total: 7.415200 ms (FindLiveObjects: 0.484300 ms CreateObjectMapping: 0.085400 ms MarkObjects: 6.693200 ms  DeleteObjects: 0.146900 ms)

AssetImportParameters requested are different than current active one (requested -> active):
  custom:framework-win-MediaFoundation: 216162199b28c13a410421893ffa2e32 -> 
  custom:video-decoder-ogg-theora: a1e56fd34408186e4bbccfd4996cb3dc -> 
  custom:container-muxer-webm: aa71ff27fc2769a1b78a27578f13a17b -> 
  custom:container-demuxer-webm: 4f35f7cbe854078d1ac9338744f61a02 -> 
  custom:container-demuxer-ogg: 62fdf1f143b41e24485cea50d1cbac27 -> 
  custom:video-encoder-webm-vp8: eb34c28f22e8b96e1ab97ce403110664 -> 
  custom:video-decoder-webm-vp8: 9c59270c3fd7afecdb556c50c9e8de78 -> 
  custom:audio-decoder-ogg-vorbis: bf7c407c2cedff20999df2af8eb42d56 -> 
  custom:audio-encoder-webm-vorbis: bf7c407c2cedff20999df2af8eb42d56 -> 
AssetImportWorkerClient::OnTransportError - code=2 error=End of file
